<?xml version="1.0" encoding="UTF-8"?>
<!-- Generated by org.testng.reporters.JUnitReportReporter -->
<testsuite hostname="LAPTOP-ITFBKBJ4" failures="0" tests="1" name="walmart_testlayer.CreateAccount_test" time="35.988" errors="0" timestamp="2021-08-15T10:39:52 EDT" skipped="0">
  <testcase classname="walmart_testlayer.CreateAccount_test" name="invalidformentries" time="35.988"/>
  <system-out/>
</testsuite> <!-- walmart_testlayer.CreateAccount_test -->
