<?xml version="1.0" encoding="UTF-8"?>
<!-- Generated by org.testng.reporters.JUnitReportReporter -->
<testsuite hostname="LAPTOP-ITFBKBJ4" failures="0" tests="1" name="walmart_testlayer.CreateAccount_test2" time="19.279" errors="0" timestamp="2021-07-29T16:31:42 EDT" skipped="0">
  <testcase classname="walmart_testlayer.CreateAccount_test2" name="validTest" time="19.279"/>
  <system-out/>
</testsuite> <!-- walmart_testlayer.CreateAccount_test2 -->
