<?xml version="1.0" encoding="UTF-8"?>
<!-- Generated by org.testng.reporters.JUnitReportReporter -->
<testsuite hostname="LAPTOP-ITFBKBJ4" failures="0" tests="1" name="walmart_testlayer.ProductSearch_test" time="54.473" errors="0" timestamp="2021-08-14T13:15:21 EDT" skipped="0">
  <testcase classname="walmart_testlayer.ProductSearch_test" name="CountNumberOfItemsOnAPage" time="54.473"/>
  <system-out/>
</testsuite> <!-- walmart_testlayer.ProductSearch_test -->
