<?xml version="1.0" encoding="UTF-8"?>
<!-- Generated by org.testng.reporters.JUnitReportReporter -->
<testsuite hostname="LAPTOP-ITFBKBJ4" failures="0" tests="1" name="walmart_testlayer.ShoppingCart_Test" time="39.411" errors="0" timestamp="2021-08-15T01:22:18 EDT" skipped="0">
  <testcase classname="walmart_testlayer.ShoppingCart_Test" name="VerifyRemovalOfProduct" time="39.411"/>
  <system-out/>
</testsuite> <!-- walmart_testlayer.ShoppingCart_Test -->
