<?xml version="1.0" encoding="UTF-8"?>
<!-- Generated by org.testng.reporters.JUnitReportReporter -->
<testsuite hostname="LAPTOP-ITFBKBJ4" failures="0" tests="1" name="walmart_testlayer.Addresses_Test" time="56.902" errors="0" timestamp="2021-08-08T16:41:34 EDT" skipped="0">
  <testcase classname="walmart_testlayer.Addresses_Test" name="ClickOnAddressesLink" time="56.902"/>
  <system-out/>
</testsuite> <!-- walmart_testlayer.Addresses_Test -->
