<?xml version="1.0" encoding="UTF-8"?>
<!-- Generated by org.testng.reporters.JUnitReportReporter -->
<testsuite hostname="LAPTOP-ITFBKBJ4" failures="0" tests="1" name="walmart_testlayer.MySubscription_test" time="85.846" errors="0" timestamp="2021-08-07T22:49:22 EDT" skipped="0">
  <testcase classname="walmart_testlayer.MySubscription_test" name="VerifyPriceUpdate" time="85.846"/>
  <system-out/>
</testsuite> <!-- walmart_testlayer.MySubscription_test -->
