<?xml version="1.0" encoding="UTF-8"?>
<!-- Generated by org.testng.reporters.JUnitReportReporter -->
<testsuite hostname="LAPTOP-ITFBKBJ4" failures="0" tests="1" name="walmart_testlayer.OrderHistory_test" time="50.557" errors="0" timestamp="2021-08-01T00:52:37 EDT" skipped="0">
  <testcase classname="walmart_testlayer.OrderHistory_test" name="VerifyStartShoppingLinkworking" time="50.557"/>
  <system-out/>
</testsuite> <!-- walmart_testlayer.OrderHistory_test -->
