<?xml version="1.0" encoding="UTF-8"?>
<!-- Generated by org.testng.reporters.JUnitReportReporter -->
<testsuite hostname="LAPTOP-ITFBKBJ4" failures="0" tests="1" name="walmart_testlayer.ProfileSettings_Test" time="42.346" errors="0" timestamp="2021-08-08T12:47:31 EDT" skipped="0">
  <testcase classname="walmart_testlayer.ProfileSettings_Test" name="CheckFunctionalityOfPasswordFieldCancelButton" time="42.346"/>
  <system-out/>
</testsuite> <!-- walmart_testlayer.ProfileSettings_Test -->
