<?xml version="1.0" encoding="UTF-8"?>
<!-- Generated by org.testng.reporters.JUnitReportReporter -->
<testsuite hostname="LAPTOP-ITFBKBJ4" failures="0" tests="1" name="walmart_testlayer.MyRecommendation" time="33.977" errors="0" timestamp="2021-07-31T18:48:28 EDT" skipped="0">
  <testcase classname="walmart_testlayer.MyRecommendation" name="verifyFunctionalityofBxslider" time="33.977"/>
  <system-out/>
</testsuite> <!-- walmart_testlayer.MyRecommendation -->
