<?xml version="1.0" encoding="UTF-8"?>
<!-- Generated by org.testng.reporters.JUnitReportReporter -->
<testsuite hostname="LAPTOP-ITFBKBJ4" failures="0" tests="1" name="walmart_testlayer.SearchFacility_Test" time="21.653" errors="0" timestamp="2021-08-09T22:43:04 EDT" skipped="0">
  <testcase classname="walmart_testlayer.SearchFacility_Test" name="Search" time="21.653"/>
  <system-out/>
</testsuite> <!-- walmart_testlayer.SearchFacility_Test -->
