<?xml version="1.0" encoding="UTF-8"?>
<!-- Generated by org.testng.reporters.JUnitReportReporter -->
<testsuite hostname="LAPTOP-ITFBKBJ4" failures="0" tests="1" name="walmart_testlayer.MyAccount_test" time="29.559" errors="0" timestamp="2021-07-31T23:31:23 EDT" skipped="0">
  <testcase classname="walmart_testlayer.MyAccount_test" name="ClickOnMyOrdersLink" time="29.559"/>
  <system-out/>
</testsuite> <!-- walmart_testlayer.MyAccount_test -->
