<?xml version="1.0" encoding="UTF-8"?>
<!-- Generated by org.testng.reporters.JUnitReportReporter -->
<testsuite hostname="LAPTOP-ITFBKBJ4" failures="0" tests="1" name="walmart_testlayer.MyList_test" time="45.797" errors="0" timestamp="2021-08-08T01:53:09 EDT" skipped="0">
  <testcase classname="walmart_testlayer.MyList_test" name="GoToListPage" time="45.797"/>
  <system-out/>
</testsuite> <!-- walmart_testlayer.MyList_test -->
